02/08/2023 15:38 | CaveScene | 0h 1m 8s
02/08/2023 15:38 | CaveScene | 0h 0m 16s
02/08/2023 15:41 | CaveScene | 0h 1m 0s
02/08/2023 15:43 | CaveScene | 0h 1m 2s
02/08/2023 15:51 | CaveScene | 0h 0m 59s
02/08/2023 15:53 | CaveScene | 0h 0m 59s
02/08/2023 15:56 | CaveScene | 0h 1m 56s
02/08/2023 15:59 | CaveScene | 0h 1m 52s
02/08/2023 16:02 | CaveScene | 0h 0m 17s
02/08/2023 16:05 | CaveScene | 0h 1m 49s
02/08/2023 17:00 | CaveScene | 0h 1m 3s
02/08/2023 17:59 | CaveScene | 0h 1m 58s
02/08/2023 18:07 | CaveScene | 0h 0m 20s
02/08/2023 18:11 | CaveScene | 0h 0m 19s
02/08/2023 18:24 | CaveScene | 0h 3m 0s
02/08/2023 18:31 | CaveScene | 0h 3m 15s
02/08/2023 18:43 | CaveScene | 0h 0m 22s
02/08/2023 18:46 | CaveScene | 0h 1m 49s
02/08/2023 18:51 | CaveScene | 0h 0m 18s
02/08/2023 18:56 | CaveScene | 0h 3m 39s
02/08/2023 19:27 | CaveScene | 0h 4m 0s
02/08/2023 19:28 | CaveScene | 0h 0m 18s
02/08/2023 19:41 | CaveScene | 0h 5m 25s
02/08/2023 19:42 | CaveScene | 0h 0m 21s
02/08/2023 19:55 | CaveScene | 0h 9m 59s
02/08/2023 21:19 | CaveScene | 0h 5m 41s
02/08/2023 21:32 | CaveScene | 0h 5m 22s
02/08/2023 21:43 | CaveScene | 0h 5m 50s
02/08/2023 21:53 | CaveScene | 0h 5m 40s
02/08/2023 22:00 | CaveScene | 0h 5m 12s
02/08/2023 22:17 | CaveScene | 0h 9m 23s
02/08/2023 22:48 | CaveScene | 0h 1m 46s
02/09/2023 10:42 | 02 Full Demo 1 | 0h 59m 7s
02/09/2023 10:58 | 02 Full Demo 1 | 0h 13m 30s
02/09/2023 12:16 | 02 Full Demo 1 | 0h 31m 39s
02/09/2023 13:28 | 02 Full Demo 1 | 0h 10m 35s
02/09/2023 14:40 | 02 Full Demo 1 | 0h 37m 15s
02/09/2023 15:26 | 02 Full Demo 1 | 0h 36m 48s
02/09/2023 16:22 | 02 Full Demo 1 | 0h 52m 10s
02/09/2023 17:03 | 02 Full Demo 1 | 0h 38m 18s
02/09/2023 18:28 | 02 Full Demo 1 | 0h 56m 47s
02/09/2023 19:34 | 02 Full Demo 1 | 0h 56m 5s
02/10/2023 10:15 | CaveScene | 0h 1m 40s
02/13/2023 22:00 | 02 Full Demo 1 | 0h 9m 57s
02/13/2023 23:17 | 02 Full Demo 1 | 0h 49m 18s
02/14/2023 08:29 | 02 Full Demo 1 | 0h 37m 34s
02/14/2023 09:12 | 02 Full Demo 1 | 0h 38m 38s
02/14/2023 09:58 | 02 Full Demo 1 | 0h 41m 22s
02/14/2023 10:22 | 02 Full Demo 1 | 0h 7m 2s
02/14/2023 10:38 | 02 Full Demo 1 | 0h 12m 5s
02/14/2023 11:22 | 02 Full Demo 1 | 0h 1m 10s
02/14/2023 15:50 | 02 Full Demo 1 | 0h 3m 43s
02/14/2023 16:02 | 02 Full Demo 1 | 0h 4m 20s
02/14/2023 16:46 | 02 Full Demo 1 | 0h 3m 46s
02/15/2023 08:16 | 02 Full Demo 1 | 0h 4m 6s
02/15/2023 08:31 | 02 Full Demo 1 | 0h 4m 3s
02/15/2023 09:17 | 02 Full Demo 1 | 0h 4m 8s
02/15/2023 09:59 | 02 Full Demo 1 | 0h 22m 43s
02/15/2023 10:27 | 02 Full Demo 1 | 0h 14m 45s
02/28/2023 07:34 | 02 Full Demo 1 | 0h 14m 31s
02/28/2023 08:11 | 02 Full Demo 1 | 0h 14m 19s
02/28/2023 09:37 | 02 Full Demo 1 | 0h 14m 7s
02/28/2023 11:10 | 02 Full Demo 1 | 0h 13m 21s
02/28/2023 13:02 | 02 Full Demo 1 | 0h 8m 11s
02/28/2023 13:56 | 02 Full Demo 1 | 0h 8m 32s
02/28/2023 14:06 | 02 Full Demo 1 | 0h 8m 18s
02/28/2023 14:18 | 02 Full Demo 1 | 0h 8m 13s
02/28/2023 14:35 | 02 Full Demo 1 | 0h 8m 40s
02/28/2023 15:30 | 02 Full Demo 1 | 0h 8m 20s
02/28/2023 16:21 | 02 Full Demo 1 | 0h 13m 24s
02/28/2023 16:36 | 02 Full Demo 1 | 0h 8m 28s
02/28/2023 17:05 | 02 Full Demo 1 | 0h 10m 7s
02/28/2023 18:44 | 02 Full Demo 1 | 0h 10m 37s
02/28/2023 19:00 | 02 Full Demo 1 | 0h 10m 24s
02/28/2023 19:14 | 02 Full Demo 1 | 0h 10m 43s
02/28/2023 19:53 | 02 Full Demo 1 | 0h 10m 48s
03/01/2023 08:24 | 02 Full Demo 1 | 0h 11m 3s
03/01/2023 09:07 | 02 Full Demo 1 | 0h 9m 49s
03/01/2023 09:36 | 02 Full Demo 1 | 0h 26m 17s
03/01/2023 14:48 | OldEagleTavern 2 | 0h 0m 29s
03/01/2023 14:53 | OldEagleTavern 2 | 0h 0m 30s
03/01/2023 14:56 | OldEagleTavern 2 | 0h 0m 28s
03/01/2023 14:58 | OldEagleTavern 2 | 0h 0m 27s
03/01/2023 15:00 | OldEagleTavern 2 | 0h 0m 28s
03/01/2023 15:35 | OldEagleTavern 2 | 0h 0m 28s
03/01/2023 15:40 | OldEagleTavern 2 | 0h 1m 52s
03/01/2023 15:44 | OldEagleTavern 2 | 0h 1m 50s
03/01/2023 15:48 | OldEagleTavern 2 | 0h 2m 53s
03/01/2023 15:54 | OldEagleTavern 2 | 0h 2m 54s
03/01/2023 15:58 | OldEagleTavern 2 | 0h 2m 55s
03/01/2023 16:01 | OldEagleTavern 2 | 0h 3m 14s
03/02/2023 08:18 | OldEagleTavern 2 | 0h 4m 42s
03/02/2023 08:25 | OldEagleTavern 2 | 0h 4m 22s
03/02/2023 08:27 | OldEagleTavern 2 | 0h 1m 12s
03/02/2023 08:29 | OldEagleTavern 2 | 0h 1m 17s
03/02/2023 08:31 | OldEagleTavern 2 | 0h 1m 20s
03/02/2023 09:15 | OldEagleTavern 2 | 0h 4m 22s
03/02/2023 09:23 | OldEagleTavern 2 | 0h 4m 19s
03/02/2023 11:31 | OldEagleTavern 2 | 0h 5m 0s
03/02/2023 11:46 | OldEagleTavern 2 | 0h 5m 1s
03/02/2023 11:54 | OldEagleTavern 2 | 0h 4m 25s
03/02/2023 12:03 | OldEagleTavern 2 | 0h 4m 20s
03/02/2023 12:11 | OldEagleTavern 2 | 0h 4m 28s
03/02/2023 12:18 | OldEagleTavern 2 | 0h 4m 22s
03/02/2023 12:25 | OldEagleTavern 2 | 0h 4m 21s
03/02/2023 12:31 | OldEagleTavern 2 | 0h 4m 26s
03/02/2023 12:38 | OldEagleTavern 2 | 0h 4m 24s
03/02/2023 12:59 | OldEagleTavern 2 | 0h 4m 27s
03/02/2023 13:06 | OldEagleTavern 2 | 0h 4m 25s
03/02/2023 15:43 | 02 Full Demo 1 | 0h 10m 34s
03/04/2023 23:07 | OldEagleTavern 2 | 0h 4m 25s
03/05/2023 16:19 | HomeScene | 0h 1m 40s
03/05/2023 16:30 | HomeScene | 0h 1m 19s
03/05/2023 16:50 | HomeScene | 0h 1m 18s
03/05/2023 17:29 | HomeScene | 0h 1m 41s
03/05/2023 17:36 | HomeScene | 0h 1m 29s
03/05/2023 21:24 | HomeScene | 0h 1m 29s
03/06/2023 08:39 | HomeScene | 0h 1m 25s
03/06/2023 10:30 | OldEagleTavern 2 | 0h 4m 30s
03/06/2023 14:50 | OldEagleTavern 2 | 0h 6m 19s
03/07/2023 15:44 | Main Menu Scene | 0h 2m 18s
03/07/2023 18:18 | AdventurersGuild | 0h 0m 42s
03/07/2023 18:20 | AdventurersGuild | 0h 0m 56s
03/07/2023 18:22 | AdventurersGuild | 0h 0m 46s
03/07/2023 18:33 | AdventurersGuild | 0h 0m 21s
03/07/2023 18:52 | AdventurersGuild | 0h 14m 43s
03/07/2023 19:16 | AdventurersGuild | 0h 0m 50s
03/07/2023 19:20 | AdventurersGuild | 0h 0m 46s
03/07/2023 19:21 | AdventurersGuild | 0h 0m 39s
03/07/2023 19:22 | AdventurersGuild | 0h 0m 24s
03/07/2023 19:26 | AdventurersGuild | 0h 0m 30s
03/07/2023 19:28 | AdventurersGuild | 0h 0m 29s
03/07/2023 19:31 | AdventurersGuild | 0h 0m 36s
03/07/2023 19:47 | AdventurersGuild | 0h 0m 35s
03/07/2023 20:08 | AdventurersGuild | 0h 0m 32s
03/07/2023 20:11 | AdventurersGuild | 0h 0m 26s
03/07/2023 20:12 | AdventurersGuild | 0h 0m 26s
03/07/2023 20:15 | AdventurersGuild | 0h 0m 28s
03/07/2023 20:27 | OldEagleTavern 2 | 0h 6m 18s
03/07/2023 20:35 | OldEagleTavern 2 | 0h 4m 47s
03/07/2023 20:43 | OldEagleTavern 2 | 0h 4m 46s
03/07/2023 21:00 | OldEagleTavern 2 | 0h 6m 43s
03/07/2023 21:05 | OldEagleTavern 2 | 0h 5m 3s
03/07/2023 21:09 | AdventurersGuild | 0h 0m 32s
03/07/2023 21:12 | AdventurersGuild | 0h 0m 34s
03/07/2023 21:15 | AdventurersGuild | 0h 0m 28s
03/07/2023 21:33 | AdventurersGuild | 0h 0m 37s
03/07/2023 21:38 | AdventurersGuild | 0h 0m 43s
03/07/2023 21:46 | AdventurersGuild | 0h 0m 42s
03/07/2023 21:54 | AdventurersGuild | 0h 0m 43s
03/07/2023 21:58 | AdventurersGuild | 0h 0m 35s
03/07/2023 22:00 | AdventurersGuild | 0h 0m 38s
03/07/2023 22:05 | AdventurersGuild | 0h 0m 43s
03/07/2023 22:16 | CaveScene | 0h 1m 6s
03/07/2023 22:20 | CaveScene | 0h 1m 12s
03/07/2023 22:29 | AdventurersGuild | 0h 0m 29s
03/07/2023 22:30 | AdventurersGuild | 0h 0m 21s
03/07/2023 22:33 | AdventurersGuild | 0h 0m 28s
03/07/2023 22:36 | AdventurersGuild | 0h 0m 41s
03/07/2023 22:37 | AdventurersGuild | 0h 0m 36s
03/07/2023 22:40 | AdventurersGuild | 0h 0m 26s
03/07/2023 22:49 | AdventurersGuild | 0h 0m 38s
03/07/2023 22:52 | AdventurersGuild | 0h 0m 31s
03/07/2023 22:53 | AdventurersGuild | 0h 0m 29s
03/07/2023 22:56 | AdventurersGuild | 0h 0m 23s
03/07/2023 22:57 | AdventurersGuild | 0h 0m 20s
03/07/2023 22:57 | AdventurersGuild | 0h 0m 19s
03/07/2023 22:58 | AdventurersGuild | 0h 0m 19s
03/08/2023 08:30 | AdventurersGuildNew | 0h 0m 25s
03/08/2023 08:31 | AdventurersGuildNew | 0h 0m 16s
03/08/2023 08:32 | AdventurersGuildNew | 0h 0m 15s
03/08/2023 08:33 | AdventurersGuildNew | 0h 0m 15s
03/08/2023 08:34 | AdventurersGuildNew | 0h 0m 15s
03/08/2023 08:35 | AdventurersGuildNew | 0h 0m 15s
03/08/2023 08:36 | AdventurersGuildNew | 0h 0m 17s
03/08/2023 08:37 | AdventurersGuildNew | 0h 0m 16s
03/08/2023 08:40 | AdventurersGuildNew | 0h 0m 17s
03/08/2023 08:41 | AdventurersGuildNew | 0h 0m 16s
03/08/2023 08:42 | AdventurersGuildNew | 0h 0m 16s
03/08/2023 08:46 | AdventurersGuildNew | 0h 0m 16s
03/08/2023 08:49 | AdventurersGuildNew | 0h 0m 18s
03/08/2023 08:52 | AdventurersGuildNew | 0h 0m 19s
03/08/2023 08:54 | AdventurersGuildNew | 0h 0m 18s
03/08/2023 08:55 | AdventurersGuildNew | 0h 0m 19s
03/08/2023 08:57 | AdventurersGuildNew | 0h 0m 20s
03/08/2023 11:43 | AdventurersGuildNew | 0h 0m 19s
03/08/2023 11:48 | AdventurersGuildNew | 0h 0m 18s
03/08/2023 11:49 | AdventurersGuildNew | 0h 0m 17s
03/08/2023 11:51 | AdventurersGuildNew | 0h 0m 17s
03/08/2023 11:52 | AdventurersGuildNew | 0h 0m 17s
03/08/2023 11:53 | AdventurersGuildNew | 0h 0m 18s
03/08/2023 11:54 | AdventurersGuildNew | 0h 0m 17s
03/08/2023 11:58 | AdventurersGuildNew | 0h 0m 18s
03/08/2023 11:59 | AdventurersGuildNew | 0h 0m 17s
03/08/2023 12:00 | AdventurersGuildNew | 0h 0m 17s
03/08/2023 12:01 | AdventurersGuildNew | 0h 0m 17s
03/08/2023 12:02 | AdventurersGuildNew | 0h 0m 17s
03/08/2023 12:05 | AdventurersGuildNew | 0h 0m 17s
03/08/2023 12:07 | AdventurersGuildNew | 0h 0m 18s
03/08/2023 12:08 | AdventurersGuildNew | 0h 0m 18s
03/08/2023 12:10 | AdventurersGuildNew | 0h 0m 18s
03/08/2023 12:12 | AdventurersGuildNew | 0h 0m 15s
03/08/2023 12:14 | AdventurersGuildNew | 0h 0m 15s
03/08/2023 12:17 | AdventurersGuildNew | 0h 0m 15s
03/08/2023 12:19 | AdventurersGuildNew | 0h 0m 15s
03/08/2023 12:20 | AdventurersGuildNew | 0h 0m 15s
03/08/2023 12:21 | AdventurersGuildNew | 0h 0m 15s
03/08/2023 12:22 | AdventurersGuildNew | 0h 0m 15s
03/08/2023 12:24 | AdventurersGuildNew | 0h 0m 15s
03/08/2023 12:25 | AdventurersGuildNew | 0h 0m 15s
03/08/2023 12:33 | AdventurersGuildNew | 0h 0m 15s
03/08/2023 12:46 | AdventurersGuildNew | 0h 0m 21s
03/08/2023 12:48 | AdventurersGuildNew | 0h 0m 20s
03/08/2023 12:49 | AdventurersGuildNew | 0h 0m 21s
03/08/2023 13:14 | AdventurersGuildNew | 0h 0m 21s
03/08/2023 13:18 | AdventurersGuildNew | 0h 0m 17s
03/08/2023 13:19 | AdventurersGuildNew | 0h 0m 17s
03/08/2023 13:26 | AdventurersGuildNew | 0h 0m 19s
03/08/2023 13:58 | AdventurersGuildNew | 0h 0m 23s
03/08/2023 14:01 | AdventurersGuildNew | 0h 0m 19s
03/08/2023 14:05 | AdventurersGuildNew | 0h 0m 15s
03/08/2023 14:08 | AdventurersGuildNew | 0h 0m 17s
03/08/2023 14:09 | AdventurersGuildNew | 0h 0m 1s
03/08/2023 14:10 | AdventurersGuildNew | 0h 0m 3s
03/08/2023 14:10 | AdventurersGuildNew | 0h 0m 16s
03/08/2023 14:11 | AdventurersGuildNew | 0h 0m 15s
03/08/2023 14:17 | AdventurersGuildNew | 0h 0m 17s
03/08/2023 14:19 | AdventurersGuildNew | 0h 0m 20s
03/08/2023 14:19 | AdventurersGuildNew | 0h 0m 20s
03/08/2023 14:29 | AdventurersGuildNew | 0h 0m 15s
03/08/2023 14:30 | AdventurersGuildNew | 0h 0m 15s
03/08/2023 14:40 | AdventurersGuildNew | 0h 0m 16s
03/08/2023 14:47 | AdventurersGuildNew | 0h 0m 17s
03/08/2023 14:54 | AdventurersGuildNew | 0h 0m 22s
03/08/2023 15:00 | AdventurersGuildNew | 0h 2m 59s
03/08/2023 15:05 | AdventurersGuildNew | 0h 3m 1s
03/08/2023 15:14 | AdventurersGuildNew | 0h 2m 59s
03/08/2023 15:24 | AdventurersGuildNew | 0h 3m 3s
03/08/2023 15:29 | AdventurersGuildNew | 0h 3m 3s
03/08/2023 15:34 | AdventurersGuildNew | 0h 2m 56s
03/08/2023 15:39 | AdventurersGuildNew | 0h 3m 0s
03/08/2023 15:46 | AdventurersGuildNew | 0h 2m 56s
03/08/2023 15:57 | AdventurersGuildNew | 0h 2m 59s
03/09/2023 09:19 | AdventurersGuildNew | 0h 3m 5s
03/09/2023 15:27 | AdventurersGuildNew | 0h 3m 34s
03/09/2023 15:40 | AdventurersGuildNew | 0h 0m 41s
03/09/2023 15:44 | AdventurersGuildNew | 0h 1m 4s
03/09/2023 21:34 | AdventurersGuildNew | 0h 0m 30s
03/09/2023 21:36 | AdventurersGuildNew | 0h 0m 57s
03/09/2023 21:38 | AdventurersGuildNew | 0h 0m 34s
03/09/2023 21:47 | AdventurersGuildNew | 0h 0m 34s
03/09/2023 21:53 | AdventurersGuildNew | 0h 0m 40s
03/09/2023 21:59 | AdventurersGuildNew | 0h 1m 6s
03/09/2023 22:01 | AdventurersGuildNew | 0h 1m 18s
03/09/2023 22:03 | AdventurersGuildNew | 0h 1m 12s
03/09/2023 22:08 | AdventurersGuildNew | 0h 1m 14s
03/09/2023 22:10 | AdventurersGuildNew | 0h 1m 42s
03/09/2023 22:16 | AdventurersGuildNew | 0h 1m 6s
03/09/2023 22:18 | AdventurersGuildNew | 0h 1m 13s
03/09/2023 22:25 | AdventurersGuildNew | 0h 2m 11s
03/09/2023 22:30 | AdventurersGuildNew | 0h 1m 51s
03/09/2023 22:34 | AdventurersGuildNew | 0h 1m 49s
03/09/2023 22:37 | AdventurersGuildNew | 0h 1m 41s
03/09/2023 22:40 | AdventurersGuildNew | 0h 1m 43s
03/09/2023 22:43 | AdventurersGuildNew | 0h 1m 45s
03/09/2023 22:47 | AdventurersGuildNew | 0h 1m 41s
03/09/2023 22:51 | AdventurersGuildNew | 0h 1m 46s
03/09/2023 22:55 | AdventurersGuildNew | 0h 1m 43s
03/09/2023 22:58 | AdventurersGuildNew | 0h 0m 38s
03/09/2023 23:02 | AdventurersGuildNew | 0h 1m 0s
03/09/2023 23:05 | AdventurersGuildNew | 0h 2m 16s
03/10/2023 08:20 | AdventurersGuildNew | 0h 2m 57s
03/10/2023 08:29 | AdventurersGuildNew | 0h 4m 25s
03/10/2023 08:38 | AdventurersGuildNew | 0h 4m 43s
03/10/2023 08:46 | AdventurersGuildNew | 0h 5m 9s
03/10/2023 10:47 | OldEagleTavern 2 | 0h 0m 28s
03/10/2023 10:51 | OldEagleTavern 2 | 0h 0m 27s
03/10/2023 10:55 | OldEagleTavern 2 | 0h 0m 43s
03/10/2023 11:02 | OldEagleTavern 2 | 0h 1m 2s
03/10/2023 11:06 | OldEagleTavern 2 | 0h 0m 34s
03/10/2023 11:09 | OldEagleTavern 2 | 0h 0m 34s
03/10/2023 11:13 | OldEagleTavern 2 | 0h 0m 38s
03/10/2023 11:17 | OldEagleTavern 2 | 0h 1m 2s
03/10/2023 11:19 | OldEagleTavern 2 | 0h 0m 43s
03/10/2023 11:22 | OldEagleTavern 2 | 0h 1m 13s
03/10/2023 11:26 | OldEagleTavern 2 | 0h 2m 7s
03/10/2023 11:29 | OldEagleTavern 2 | 0h 1m 2s
03/10/2023 11:32 | OldEagleTavern 2 | 0h 0m 33s
03/10/2023 11:36 | OldEagleTavern 2 | 0h 1m 9s
03/10/2023 11:38 | OldEagleTavern 2 | 0h 1m 1s
03/10/2023 11:45 | OldEagleTavern 2 | 0h 0m 39s
03/10/2023 13:32 | OldEagleTavern 2 | 0h 0m 38s
03/10/2023 13:33 | OldEagleTavern 2 | 0h 0m 30s
03/10/2023 13:34 | OldEagleTavern 2 | 0h 0m 34s
03/10/2023 13:38 | OldEagleTavern 2 | 0h 0m 51s
03/10/2023 13:47 | OldEagleTavern 2 | 0h 0m 31s
03/10/2023 13:57 | OldEagleTavern 2 | 0h 0m 33s
03/10/2023 14:00 | OldEagleTavern 2 | 0h 0m 31s
03/10/2023 14:03 | OldEagleTavern 2 | 0h 0m 31s
03/10/2023 14:05 | OldEagleTavern 2 | 0h 0m 31s
03/10/2023 14:06 | OldEagleTavern 2 | 0h 0m 36s
03/10/2023 14:07 | OldEagleTavern 2 | 0h 0m 6s
03/10/2023 14:07 | OldEagleTavern 2 | 0h 0m 6s
03/10/2023 14:09 | OldEagleTavern 2 | 0h 0m 37s
03/10/2023 14:11 | OldEagleTavern 2 | 0h 0m 36s
03/10/2023 14:33 | AdventurersGuildNew | 0h 16m 59s
03/10/2023 14:39 | AdventurersGuildNew | 0h 0m 26s
03/10/2023 14:41 | AdventurersGuildNew | 0h 0m 27s
03/13/2023 13:14 | AdventurersGuildNew | 0h 0m 41s
03/13/2023 13:18 | AdventurersGuildNew | 0h 0m 41s
03/13/2023 13:20 | AdventurersGuildNew | 0h 0m 39s
03/13/2023 13:24 | AdventurersGuildNew | 0h 0m 39s
03/13/2023 13:28 | AdventurersGuildNew | 0h 0m 38s
03/13/2023 13:30 | AdventurersGuildNew | 0h 0m 39s
03/13/2023 13:35 | AdventurersGuildNew | 0h 0m 42s
03/13/2023 13:39 | AdventurersGuildNew | 0h 0m 39s
03/13/2023 13:45 | AdventurersGuildNew | 0h 4m 33s
03/13/2023 13:55 | AdventurersGuildNew | 0h 3m 51s
03/13/2023 14:01 | AdventurersGuildNew | 0h 3m 51s
03/13/2023 14:07 | AdventurersGuildNew | 0h 3m 50s
03/13/2023 14:13 | AdventurersGuildNew | 0h 3m 53s
03/13/2023 14:18 | AdventurersGuildNew | 0h 3m 54s
03/13/2023 20:53 | AdventurersGuildNew | 0h 4m 49s
03/14/2023 09:42 | AdventurersGuildNew | 0h 4m 38s
03/14/2023 09:58 | AdventurersGuildNew | 0h 4m 51s
03/14/2023 10:04 | AdventurersGuildNew | 0h 4m 33s
03/14/2023 10:10 | AdventurersGuildNew | 0h 4m 34s
03/14/2023 10:19 | AdventurersGuildNew | 0h 1m 8s
03/14/2023 10:21 | AdventurersGuildNew | 0h 1m 8s
03/14/2023 10:22 | AdventurersGuildNew | 0h 1m 11s
03/14/2023 10:28 | AdventurersGuildNew | 0h 4m 17s
03/14/2023 10:33 | AdventurersGuildNew | 0h 4m 30s
03/14/2023 11:40 | AdventurersGuildNew | 0h 8m 12s
03/14/2023 11:48 | AdventurersGuildNew | 0h 4m 47s
03/14/2023 11:57 | HomeScene | 0h 1m 22s
03/14/2023 12:00 | HomeScene | 0h 1m 20s
03/14/2023 12:04 | HomeScene | 0h 1m 15s
03/14/2023 12:11 | AdventurersGuildNew | 0h 4m 30s
03/14/2023 12:15 | HomeScene | 0h 1m 22s
03/14/2023 13:01 | AdventurersGuildNew | 0h 4m 33s
03/14/2023 13:32 | 02 Full Demo 1 | 0h 19m 8s
03/14/2023 13:59 | OldEagleTavern 2 | 0h 1m 32s
03/14/2023 21:56 | OldEagleTavern 2 | 0h 1m 42s
03/14/2023 21:59 | OldEagleTavern 2 | 0h 1m 37s
03/14/2023 22:04 | OldEagleTavern 2 | 0h 1m 36s
03/14/2023 22:09 | OldEagleTavern 2 | 0h 1m 38s
03/14/2023 22:13 | OldEagleTavern 2 | 0h 1m 3s
03/14/2023 22:18 | OldEagleTavern 2 | 0h 1m 0s
03/15/2023 08:09 | OldEagleTavern 2 | 0h 1m 35s
03/15/2023 08:12 | OldEagleTavern 2 | 0h 1m 29s
03/15/2023 08:15 | OldEagleTavern 2 | 0h 1m 29s
03/15/2023 08:22 | OldEagleTavern 2 | 0h 1m 33s
03/15/2023 08:34 | OldEagleTavern 2 | 0h 1m 31s
03/15/2023 08:41 | OldEagleTavern 2 | 0h 1m 32s
03/15/2023 08:45 | OldEagleTavern 2 | 0h 1m 30s
03/15/2023 08:50 | OldEagleTavern 2 | 0h 1m 45s
03/15/2023 08:52 | OldEagleTavern 2 | 0h 1m 39s
03/15/2023 08:57 | OldEagleTavern 2 | 0h 1m 47s
03/15/2023 09:07 | TavernScene | 0h 5m 43s
03/15/2023 09:27 | ForgeScene | 0h 1m 7s
03/15/2023 09:32 | ForgeScene | 0h 1m 8s
03/15/2023 13:52 | ForgeScene | 0h 4m 21s
03/15/2023 14:00 | ForgeScene | 0h 4m 22s
03/16/2023 10:52 | WorldScene | 0h 25m 31s
03/16/2023 20:16 | HomeScene | 0h 2m 9s
03/17/2023 18:45 | AdventurersGuildNew | 0h 4m 22s
03/29/2023 09:18 | NewCaveScene | 0h 2m 34s
03/29/2023 12:17 | NewCaveScene | 0h 17m 17s
03/29/2023 12:32 | NewCaveScene | 0h 9m 59s
03/29/2023 13:13 | NewCaveScene | 0h 12m 58s
03/29/2023 13:59 | NewCaveScene | 0h 14m 38s
04/03/2023 18:42 | NewCaveScene | 0h 14m 49s
04/03/2023 20:38 | NewCaveScene | 0h 11m 2s
04/04/2023 13:41 | NewCaveScene | 0h 11m 26s
04/04/2023 13:53 | NewCaveScene | 0h 10m 24s
04/04/2023 14:15 | NewCaveScene | 0h 2m 16s
04/04/2023 14:20 | NewCaveScene | 0h 1m 56s
04/04/2023 14:26 | NewCaveScene | 0h 1m 50s
04/04/2023 14:30 | NewCaveScene | 0h 1m 51s
04/04/2023 14:33 | NewCaveScene | 0h 1m 57s
04/04/2023 14:36 | NewCaveScene | 0h 1m 54s
04/04/2023 14:41 | NewCaveScene | 0h 1m 48s
04/04/2023 14:45 | NewCaveScene | 0h 1m 48s
04/04/2023 14:55 | NewCaveScene | 0h 2m 8s
04/04/2023 15:01 | NewCaveScene | 0h 3m 2s
04/04/2023 15:05 | NewCaveScene | 0h 2m 6s
04/04/2023 15:09 | NewCaveScene | 0h 2m 27s
04/04/2023 15:12 | NewCaveScene | 0h 2m 23s
04/04/2023 15:16 | NewCaveScene | 0h 2m 24s
04/04/2023 15:23 | NewCaveScene | 0h 3m 24s
04/04/2023 15:28 | NewCaveScene | 0h 3m 35s
04/04/2023 15:31 | NewCaveScene | 0h 2m 1s
04/04/2023 15:35 | NewCaveScene | 0h 2m 33s
04/04/2023 15:41 | NewCaveScene | 0h 2m 21s
04/04/2023 20:11 | NewCaveScene | 0h 3m 6s
05/16/2023 17:29 | HomeScene | 0h 1m 23s
05/16/2023 17:34 | HomeScene | 0h 1m 24s
05/16/2023 17:41 | AdventurersGuildNew | 0h 4m 48s
05/16/2023 17:52 | TavernScene | 0h 5m 20s
05/16/2023 18:08 | TavernScene | 0h 5m 11s
05/16/2023 18:19 | ForgeScene | 0h 4m 47s
05/16/2023 18:34 | NewCaveScene | 0h 2m 50s
05/16/2023 20:00 | WorldScene | 0h 20m 6s
05/17/2023 19:24 | AdventurersGuildNew | 0h 5m 11s
